<?xml version="1.0" encoding="UTF-8"?>
<!-- Generated by org.testng.reporters.JUnitXMLReporter -->
<testsuite ignored="1" hostname="DESKTOP-1ILH4UB" failures="0" tests="1" name="Default test" time="38.956" errors="0" timestamp="2020-01-14T22:18:56 IST">
  <testcase classname="projects.fox.tests.foxtest" name="test1" time="12.43"/>
  <testcase classname="com.baseproject.base.BaseTest" name="@BeforeSuite preinit" time="0.0">
    <ignored/>
  </testcase> <!-- @BeforeSuite preinit -->
</testsuite> <!-- Default test -->
