<?xml version="1.0" encoding="UTF-8"?>
<!-- Generated by org.testng.reporters.JUnitXMLReporter -->
<testsuite ignored="0" hostname="DESKTOP-1ILH4UB" failures="1" tests="1" name="Test" time="45.069" errors="0" timestamp="2020-02-05T02:30:08 IST">
  <testcase classname="projects.fox.tests.foxtest" name="test1" time="14.343">
    <failure type="java.lang.AssertionError" message="expected [01/22/2020] but found [01/30/2020]">
      <![CDATA[java.lang.AssertionError: expected [01/22/2020] but found [01/30/2020]
at com.baseproject.base.BaseTest.assertEquals(BaseTest.java:261)
at projects.fox.tests.foxtest.test1(foxtest.java:61)
at java.base/java.util.ArrayList.forEach(ArrayList.java:1507)
... Removed 31 stack frames]]>
    </failure>
  </testcase> <!-- test1 -->
</testsuite> <!-- Test -->
