<?xml version="1.0" encoding="UTF-8"?>
<!-- Generated by org.testng.reporters.JUnitXMLReporter -->
<testsuite ignored="0" hostname="INFPHSZA07218" failures="1" tests="1" name="Test" time="62.355" errors="0" timestamp="2020-02-03T18:13:52 IST">
  <testcase classname="projects.fox.tests.foxtest" name="test1" time="15.679">
    <failure type="java.lang.AssertionError" message="expected [01/22/2020] but found [01/30/2020]">
      <![CDATA[java.lang.AssertionError: expected [01/22/2020] but found [01/30/2020]
at com.baseproject.base.BaseTest.assertEquals(BaseTest.java:260)
at projects.fox.tests.foxtest.test1(foxtest.java:61)
at java.base/java.util.ArrayList.forEach(ArrayList.java:1540)
... Removed 31 stack frames]]>
    </failure>
  </testcase> <!-- test1 -->
</testsuite> <!-- Test -->
