<?xml version="1.0" encoding="UTF-8"?>
<testng-results ignored="0" total="1" passed="1" failed="0" skipped="0">
  <reporter-output>
    <line>
      <![CDATA[-----------Test Class [foxtest] Execution Started-------------<br />]]>
    </line>
    <line>
      <![CDATA[Open the URL [https://test.blueforce.com/FoxQA/Login.aspx?ReturnUrl=%2fFoxQA%2fLogin]<br />]]>
    </line>
    <line>
      <![CDATA[Click on [Company]<br />]]>
    </line>
    <line>
      <![CDATA[Enter text [FOXQALOTS] in the [Company] Text Box<br />]]>
    </line>
    <line>
      <![CDATA[Click on [User Name]<br />]]>
    </line>
    <line>
      <![CDATA[Enter text [ajoshi] in the [User Name] Text Box<br />]]>
    </line>
    <line>
      <![CDATA[Click on [Password]<br />]]>
    </line>
    <line>
      <![CDATA[Enter text [abc12345] in the [Password] Text Box<br />]]>
    </line>
    <line>
      <![CDATA[Click on [Submit]<br />]]>
    </line>
    <line>
      <![CDATA[-----------Test Method [test1] Execution Started-------------<br />]]>
    </line>
    <line>
      <![CDATA[Click on [click_Apply_button]<br />]]>
    </line>
    <line>
      <![CDATA[Click on [click_Apply_button]<br />]]>
    </line>
    <line>
      <![CDATA[Click on [click_Apply_button]<br />]]>
    </line>
    <line>
      <![CDATA[Enter text [02/05/2020 - 02/05/2020] in the [entertext_PTORequest_Dates] Text Box<br />]]>
    </line>
    <line>
      <![CDATA[Click on [click_Apply_button]<br />]]>
    </line>
    <line>
      <![CDATA[Click on [click_dropdown_ptorequesttype]<br />]]>
    </line>
    <line>
      <![CDATA[Enter text [Sick] in the [entertext_ptorequesttype] Text Box<br />]]>
    </line>
    <line>
      <![CDATA[Click on [click_dropdown_ptorequesttype_sick]<br />]]>
    </line>
    <line>
      <![CDATA[Enter text [8] in the [entertext_Totalhours] Text Box<br />]]>
    </line>
    <line>
      <![CDATA[Click on [click_submit_button]<br />]]>
    </line>
    <line>
      <![CDATA[Get the List of Text from [List_ptohistort_records]<br />]]>
    </line>
    <line>
      <![CDATA[[assertEquals]: verify Location<br />]]>
    </line>
    <line>
      <![CDATA[[assertEquals]: Expected [9608.70 - Police Department - Studio: Guards-001] Actual [9608.70 - Police Department - Studio: Guards-001]<br />]]>
    </line>
    <line>
      <![CDATA[[assertEquals]: verify Start Date<br />]]>
    </line>
    <line>
      <![CDATA[[assertEquals]: Expected [02/05/2020] Actual [02/05/2020]<br />]]>
    </line>
    <line>
      <![CDATA[[assertEquals]: verify End Date<br />]]>
    </line>
    <line>
      <![CDATA[[assertEquals]: Expected [02/05/2020] Actual [02/05/2020]<br />]]>
    </line>
    <line>
      <![CDATA[[assertEquals]: verify Hours<br />]]>
    </line>
    <line>
      <![CDATA[[assertEquals]: Expected [8] Actual [8]<br />]]>
    </line>
    <line>
      <![CDATA[[assertEquals]: verify Days<br />]]>
    </line>
    <line>
      <![CDATA[[assertEquals]: Expected [1] Actual [1]<br />]]>
    </line>
    <line>
      <![CDATA[[assertEquals]: verify Type<br />]]>
    </line>
    <line>
      <![CDATA[[assertEquals]: Expected [Sick] Actual [Sick]<br />]]>
    </line>
    <line>
      <![CDATA[[assertEquals]: Verify Status<br />]]>
    </line>
    <line>
      <![CDATA[[assertEquals]: Expected [Awaiting Approval] Actual [Awaiting Approval]<br />]]>
    </line>
    <line>
      <![CDATA[-----------Test Method [test1] Execution Complete-------------<br />]]>
    </line>
    <line>
      <![CDATA[-----------Test Class [foxtest] Execution Completed-----------<br />]]>
    </line>
  </reporter-output>
  <suite started-at="2020-02-11T00:42:09 IST" name="Suite" finished-at="2020-02-11T00:42:53 IST" duration-ms="44678">
    <groups>
    </groups>
    <test started-at="2020-02-11T00:42:09 IST" name="Test" finished-at="2020-02-11T00:42:53 IST" duration-ms="44678">
      <class name="projects.fox.tests.foxtest">
        <test-method is-config="true" signature="preinit()[pri:0, instance:projects.fox.tests.foxtest@703580bf]" started-at="2020-02-11T00:42:08 IST" name="preinit" finished-at="2020-02-11T00:42:09 IST" duration-ms="306" status="PASS">
          <reporter-output>
          </reporter-output>
        </test-method> <!-- preinit -->
        <test-method is-config="true" signature="init(org.testng.ITestContext)[pri:0, instance:projects.fox.tests.foxtest@703580bf]" started-at="2020-02-11T00:42:09 IST" name="init" finished-at="2020-02-11T00:42:16 IST" duration-ms="6998" status="PASS">
          <params>
            <param index="0">
              <value>
                <![CDATA[org.testng.TestRunner@5f7989fa]]>
              </value>
            </param>
          </params>
          <reporter-output>
            <line>
              <![CDATA[-----------Test Class [foxtest] Execution Started-------------<br />]]>
            </line>
          </reporter-output>
        </test-method> <!-- init -->
        <test-method is-config="true" signature="test()[pri:0, instance:projects.fox.tests.foxtest@703580bf]" started-at="2020-02-11T00:42:16 IST" name="test" finished-at="2020-02-11T00:42:36 IST" duration-ms="20043" status="PASS">
          <reporter-output>
            <line>
              <![CDATA[Open the URL [https://test.blueforce.com/FoxQA/Login.aspx?ReturnUrl=%2fFoxQA%2fLogin]<br />]]>
            </line>
            <line>
              <![CDATA[Click on [Company]<br />]]>
            </line>
            <line>
              <![CDATA[Enter text [FOXQALOTS] in the [Company] Text Box<br />]]>
            </line>
            <line>
              <![CDATA[Click on [User Name]<br />]]>
            </line>
            <line>
              <![CDATA[Enter text [ajoshi] in the [User Name] Text Box<br />]]>
            </line>
            <line>
              <![CDATA[Click on [Password]<br />]]>
            </line>
            <line>
              <![CDATA[Enter text [abc12345] in the [Password] Text Box<br />]]>
            </line>
            <line>
              <![CDATA[Click on [Submit]<br />]]>
            </line>
          </reporter-output>
        </test-method> <!-- test -->
        <test-method is-config="true" signature="extent(java.lang.reflect.Method)[pri:0, instance:projects.fox.tests.foxtest@703580bf]" started-at="2020-02-11T00:42:36 IST" name="extent" finished-at="2020-02-11T00:42:36 IST" duration-ms="8" status="PASS">
          <params>
            <param index="0">
              <value>
                <![CDATA[public void projects.fox.tests.foxtest.test1(java.util.Hashtable) throws java.lang.InterruptedException]]>
              </value>
            </param>
          </params>
          <reporter-output>
            <line>
              <![CDATA[-----------Test Method [test1] Execution Started-------------<br />]]>
            </line>
          </reporter-output>
        </test-method> <!-- extent -->
        <test-method signature="test1(java.util.Hashtable)[pri:0, instance:projects.fox.tests.foxtest@703580bf]" started-at="2020-02-11T00:42:36 IST" name="test1" description="EPAY_1" data-provider="ExcelTestData" finished-at="2020-02-11T00:42:48 IST" duration-ms="12146" status="PASS">
          <params>
            <param index="0">
              <value>
                <![CDATA[{TestData8=1, TestData7=8, TestData6=02/05/2020, TestData5=02/05/2020, TestData4=9608.70 - Police Department - Studio: Guards-001, TestData3=8, TestData2=Sick, TestName=test1, TestData1=02/05/2020 - 02/05/2020, TestData10=Awaiting Approval, TestData9=Sick}]]>
              </value>
            </param>
          </params>
          <reporter-output>
            <line>
              <![CDATA[Click on [click_Apply_button]<br />]]>
            </line>
            <line>
              <![CDATA[Click on [click_Apply_button]<br />]]>
            </line>
            <line>
              <![CDATA[Click on [click_Apply_button]<br />]]>
            </line>
            <line>
              <![CDATA[Enter text [02/05/2020 - 02/05/2020] in the [entertext_PTORequest_Dates] Text Box<br />]]>
            </line>
            <line>
              <![CDATA[Click on [click_Apply_button]<br />]]>
            </line>
            <line>
              <![CDATA[Click on [click_dropdown_ptorequesttype]<br />]]>
            </line>
            <line>
              <![CDATA[Enter text [Sick] in the [entertext_ptorequesttype] Text Box<br />]]>
            </line>
            <line>
              <![CDATA[Click on [click_dropdown_ptorequesttype_sick]<br />]]>
            </line>
            <line>
              <![CDATA[Enter text [8] in the [entertext_Totalhours] Text Box<br />]]>
            </line>
            <line>
              <![CDATA[Click on [click_submit_button]<br />]]>
            </line>
            <line>
              <![CDATA[Get the List of Text from [List_ptohistort_records]<br />]]>
            </line>
            <line>
              <![CDATA[[assertEquals]: verify Location<br />]]>
            </line>
            <line>
              <![CDATA[[assertEquals]: Expected [9608.70 - Police Department - Studio: Guards-001] Actual [9608.70 - Police Department - Studio: Guards-001]<br />]]>
            </line>
            <line>
              <![CDATA[[assertEquals]: verify Start Date<br />]]>
            </line>
            <line>
              <![CDATA[[assertEquals]: Expected [02/05/2020] Actual [02/05/2020]<br />]]>
            </line>
            <line>
              <![CDATA[[assertEquals]: verify End Date<br />]]>
            </line>
            <line>
              <![CDATA[[assertEquals]: Expected [02/05/2020] Actual [02/05/2020]<br />]]>
            </line>
            <line>
              <![CDATA[[assertEquals]: verify Hours<br />]]>
            </line>
            <line>
              <![CDATA[[assertEquals]: Expected [8] Actual [8]<br />]]>
            </line>
            <line>
              <![CDATA[[assertEquals]: verify Days<br />]]>
            </line>
            <line>
              <![CDATA[[assertEquals]: Expected [1] Actual [1]<br />]]>
            </line>
            <line>
              <![CDATA[[assertEquals]: verify Type<br />]]>
            </line>
            <line>
              <![CDATA[[assertEquals]: Expected [Sick] Actual [Sick]<br />]]>
            </line>
            <line>
              <![CDATA[[assertEquals]: Verify Status<br />]]>
            </line>
            <line>
              <![CDATA[[assertEquals]: Expected [Awaiting Approval] Actual [Awaiting Approval]<br />]]>
            </line>
          </reporter-output>
        </test-method> <!-- test1 -->
        <test-method is-config="true" signature="getResult(org.testng.ITestResult, java.lang.reflect.Method)[pri:0, instance:projects.fox.tests.foxtest@703580bf]" started-at="2020-02-11T00:42:48 IST" name="getResult" finished-at="2020-02-11T00:42:48 IST" duration-ms="18" status="PASS">
          <params>
            <param index="0">
              <value>
                <![CDATA[[TestResult name=test1 status=SUCCESS method=foxtest.test1(java.util.Hashtable)[pri:0, instance:projects.fox.tests.foxtest@703580bf] output=Click on [click_Apply_button]<br />]]]>
              </value>
            </param>
            <param index="1">
              <value>
                <![CDATA[public void projects.fox.tests.foxtest.test1(java.util.Hashtable) throws java.lang.InterruptedException]]>
              </value>
            </param>
          </params>
          <reporter-output>
            <line>
              <![CDATA[-----------Test Method [test1] Execution Complete-------------<br />]]>
            </line>
          </reporter-output>
        </test-method> <!-- getResult -->
        <test-method is-config="true" signature="tearDown()[pri:0, instance:projects.fox.tests.foxtest@703580bf]" started-at="2020-02-11T00:42:48 IST" name="tearDown" finished-at="2020-02-11T00:42:53 IST" duration-ms="5266" status="PASS">
          <reporter-output>
            <line>
              <![CDATA[-----------Test Class [foxtest] Execution Completed-----------<br />]]>
            </line>
          </reporter-output>
        </test-method> <!-- tearDown -->
      </class> <!-- projects.fox.tests.foxtest -->
    </test> <!-- Test -->
  </suite> <!-- Suite -->
</testng-results>
