<?xml version="1.0" encoding="UTF-8"?>
<testng-results skipped="0" failed="0" ignored="0" total="1" passed="1">
  <reporter-output>
    <line>
      <![CDATA[Exception occurred at init()  <br />]]>
    </line>
    <line>
      <![CDATA[Open the URL [https://test.blueforce.com/FoxQA/Login.aspx?ReturnUrl=%2fFoxQA%2fLogin]<br />]]>
    </line>
    <line>
      <![CDATA[Enter text [FOXQALOTS] in the [Company] Text Box<br />]]>
    </line>
    <line>
      <![CDATA[Enter text [ajoshi] in the [User Name] Text Box<br />]]>
    </line>
    <line>
      <![CDATA[Enter text [abc12345] in the [Password] Text Box<br />]]>
    </line>
    <line>
      <![CDATA[Click on [Submit]<br />]]>
    </line>
    <line>
      <![CDATA[-----------Test Method [test1] Execution Started-------------<br />]]>
    </line>
    <line>
      <![CDATA[-----------Test Method [test1] Execution Complete-------------<br />]]>
    </line>
    <line>
      <![CDATA[-----------Test Class [foxtest] Execution Completed-----------<br />]]>
    </line>
  </reporter-output>
  <suite name="Default suite" duration-ms="34570" started-at="2019-12-23T20:29:34 IST" finished-at="2019-12-23T20:30:09 IST">
    <groups>
    </groups>
    <test name="Default test" duration-ms="34570" started-at="2019-12-23T20:29:34 IST" finished-at="2019-12-23T20:30:09 IST">
      <class name="projects.fox.tests.foxtest">
        <test-method status="PASS" signature="preinit()[pri:0, instance:projects.fox.tests.foxtest@687080dc]" name="preinit" is-config="true" duration-ms="559" started-at="2019-12-23T20:29:33 IST" finished-at="2019-12-23T20:29:34 IST">
          <reporter-output>
          </reporter-output>
        </test-method> <!-- preinit -->
        <test-method status="PASS" signature="init(org.testng.ITestContext)[pri:0, instance:projects.fox.tests.foxtest@687080dc]" name="init" is-config="true" duration-ms="8198" started-at="2019-12-23T20:29:34 IST" finished-at="2019-12-23T20:29:42 IST">
          <params>
            <param index="0">
              <value>
                <![CDATA[org.testng.TestRunner@30f4b1a6]]>
              </value>
            </param>
          </params>
          <reporter-output>
            <line>
              <![CDATA[Exception occurred at init()  <br />]]>
            </line>
          </reporter-output>
        </test-method> <!-- init -->
        <test-method status="PASS" signature="test()[pri:0, instance:projects.fox.tests.foxtest@687080dc]" name="test" is-config="true" duration-ms="17102" started-at="2019-12-23T20:29:42 IST" finished-at="2019-12-23T20:29:59 IST">
          <reporter-output>
            <line>
              <![CDATA[Open the URL [https://test.blueforce.com/FoxQA/Login.aspx?ReturnUrl=%2fFoxQA%2fLogin]<br />]]>
            </line>
            <line>
              <![CDATA[Enter text [FOXQALOTS] in the [Company] Text Box<br />]]>
            </line>
            <line>
              <![CDATA[Enter text [ajoshi] in the [User Name] Text Box<br />]]>
            </line>
            <line>
              <![CDATA[Enter text [abc12345] in the [Password] Text Box<br />]]>
            </line>
            <line>
              <![CDATA[Click on [Submit]<br />]]>
            </line>
          </reporter-output>
        </test-method> <!-- test -->
        <test-method status="PASS" signature="extent(java.lang.reflect.Method)[pri:0, instance:projects.fox.tests.foxtest@687080dc]" name="extent" is-config="true" duration-ms="22" started-at="2019-12-23T20:30:00 IST" finished-at="2019-12-23T20:30:00 IST">
          <params>
            <param index="0">
              <value>
                <![CDATA[public void projects.fox.tests.foxtest.test1(java.util.Hashtable) throws java.lang.InterruptedException]]>
              </value>
            </param>
          </params>
          <reporter-output>
            <line>
              <![CDATA[-----------Test Method [test1] Execution Started-------------<br />]]>
            </line>
          </reporter-output>
        </test-method> <!-- extent -->
        <test-method status="PASS" signature="test1(java.util.Hashtable)[pri:0, instance:projects.fox.tests.foxtest@687080dc]" name="test1" duration-ms="4797" started-at="2019-12-23T20:30:00 IST" description="Demaut_1" data-provider="ExcelTestData" finished-at="2019-12-23T20:30:05 IST">
          <params>
            <param index="0">
              <value>
                <![CDATA[{TestData2=Flights, TestData1=Home, TestName=test1, TestData4=Car Rentals, TestData3=Hotels}]]>
              </value>
            </param>
          </params>
          <reporter-output>
          </reporter-output>
        </test-method> <!-- test1 -->
        <test-method status="PASS" signature="getResult(org.testng.ITestResult, java.lang.reflect.Method)[pri:0, instance:projects.fox.tests.foxtest@687080dc]" name="getResult" is-config="true" duration-ms="27" started-at="2019-12-23T20:30:05 IST" finished-at="2019-12-23T20:30:05 IST">
          <params>
            <param index="0">
              <value>
                <![CDATA[[TestResult name=test1 status=SUCCESS method=foxtest.test1(java.util.Hashtable)[pri:0, instance:projects.fox.tests.foxtest@687080dc] output={null}]]]>
              </value>
            </param>
            <param index="1">
              <value>
                <![CDATA[public void projects.fox.tests.foxtest.test1(java.util.Hashtable) throws java.lang.InterruptedException]]>
              </value>
            </param>
          </params>
          <reporter-output>
            <line>
              <![CDATA[-----------Test Method [test1] Execution Complete-------------<br />]]>
            </line>
          </reporter-output>
        </test-method> <!-- getResult -->
        <test-method status="PASS" signature="tearDown()[pri:0, instance:projects.fox.tests.foxtest@687080dc]" name="tearDown" is-config="true" duration-ms="3762" started-at="2019-12-23T20:30:05 IST" finished-at="2019-12-23T20:30:09 IST">
          <reporter-output>
            <line>
              <![CDATA[-----------Test Class [foxtest] Execution Completed-----------<br />]]>
            </line>
          </reporter-output>
        </test-method> <!-- tearDown -->
      </class> <!-- projects.fox.tests.foxtest -->
    </test> <!-- Default test -->
  </suite> <!-- Default suite -->
</testng-results>
